<?xml version="1.0" encoding="UTF-8"?>
<!-- Generated by org.testng.reporters.JUnitXMLReporter -->
<testsuite ignored="0" hostname="LAPTOP-MDJBNNKQ" failures="0" tests="2" name="Test-two" time="138.726" errors="0" timestamp="2024-09-02T21:29:00 IST">
  <testcase classname="open.source.testcases.EmployeeCreationAndValidationTest" name="createAnEmployee" time="9.171"/>
  <testcase classname="open.source.testcases.EmployeeCreationAndValidationTest" name="validateCreatedEmployeeDetails" time="14.713"/>
</testsuite> <!-- Test-two -->
