<?xml version="1.0" encoding="UTF-8"?>
<!-- Generated by org.testng.reporters.JUnitXMLReporter -->
<testsuite ignored="0" hostname="LAPTOP-MDJBNNKQ" failures="0" tests="2" name="Test-one" time="124.848" errors="0" timestamp="2024-09-02T21:28:46 IST">
  <testcase classname="open.source.testcases.CreateAndValidateHoliday" name="createAHoliday" time="32.172"/>
  <testcase classname="open.source.testcases.CreateAndValidateHoliday" name="validateCreatedHolidayDetails" time="11.942"/>
</testsuite> <!-- Test-one -->
