<?xml version="1.0" encoding="UTF-8"?>
<!-- Generated by org.testng.reporters.JUnitReportReporter -->
<testsuite hostname="LAPTOP-MDJBNNKQ" failures="0" tests="1" name="OpenSourceDemo.MavenJava.AppTest" time="28.065" errors="0" timestamp="2024-09-02T14:07:40 IST" skipped="0">
  <testcase classname="OpenSourceDemo.MavenJava.AppTest" name="execute" time="28.065"/>
</testsuite> <!-- OpenSourceDemo.MavenJava.AppTest -->
