<?xml version="1.0" encoding="UTF-8"?>
<!-- Generated by org.testng.reporters.JUnitReportReporter -->
<testsuite hostname="LAPTOP-MDJBNNKQ" failures="0" tests="2" name="open.source.testcases.EmployeeCreationAndValidationTest" time="23.884" errors="0" timestamp="2024-09-02T21:29:00 IST" skipped="0">
  <testcase classname="open.source.testcases.EmployeeCreationAndValidationTest" name="createAnEmployee" time="9.171"/>
  <testcase classname="open.source.testcases.EmployeeCreationAndValidationTest" name="validateCreatedEmployeeDetails" time="14.713"/>
</testsuite> <!-- open.source.testcases.EmployeeCreationAndValidationTest -->
