<?xml version="1.0" encoding="UTF-8"?>
<!-- Generated by org.testng.reporters.JUnitReportReporter -->
<testsuite hostname="LAPTOP-MDJBNNKQ" failures="0" tests="2" name="open.source.testcases.CreateAndValidateHoliday" time="44.114" errors="0" timestamp="2024-09-02T21:29:00 IST" skipped="0">
  <testcase classname="open.source.testcases.CreateAndValidateHoliday" name="validateCreatedHolidayDetails" time="11.942"/>
  <testcase classname="open.source.testcases.CreateAndValidateHoliday" name="createAHoliday" time="32.172"/>
</testsuite> <!-- open.source.testcases.CreateAndValidateHoliday -->
