<?xml version="1.0" encoding="UTF-8"?>
<!-- Generated by org.testng.reporters.JUnitReportReporter -->
<testsuite hostname="LAPTOP-MDJBNNKQ" failures="0" tests="1" name="OpenSourceDemo.MavenJava.AppTest" time="0.014" errors="0" timestamp="2024-08-30T12:16:37 IST" skipped="0">
  <testcase classname="OpenSourceDemo.MavenJava.AppTest" name="execute" time="0.014"/>
</testsuite> <!-- OpenSourceDemo.MavenJava.AppTest -->
